{
  "0 debug pnpm:scope": {
    "selected": 1
  },
  "1 debug pnpm:package-manifest": {
    "initial": {},
    "prefix": "C:\\Users\\lukag\\AppData\\Roaming\\npm\\pnpm-global\\5"
  },
  "2 debug pnpm:context": {
    "currentLockfileExists": false,
    "storeDir": "C:\\Users\\lukag\\.pnpm-store\\v3",
    "virtualStoreDir": "C:\\Users\\lukag\\AppData\\Roaming\\npm\\pnpm-global\\5\\node_modules\\.pnpm"
  },
  "3 error pnpm": {
    "code": "ERR_PNPM_NO_IMPORTER_MANIFEST_FOUND",
    "err": {
      "name": "Error",
      "message": "No package.json (or package.yaml, or package.json5) was found in \"C:\\Users\\lukag\\OneDrive\\Bureau\\Projet_React\\TD1\".",
      "code": "ERR_PNPM_NO_IMPORTER_MANIFEST_FOUND",
      "stack": "Error: No package.json (or package.yaml, or package.json5) was found in \"C:\\Users\\lukag\\OneDrive\\Bureau\\Projet_React\\TD1\".\n    at Object.readProjectManifest [as default] (C:\\Users\\lukag\\.node\\corepack\\pnpm\\6.11.0\\dist\\pnpm.cjs:40283:13)\n    at async link (C:\\Users\\lukag\\.node\\corepack\\pnpm\\6.11.0\\dist\\pnpm.cjs:92876:30)\n    at async Object.linkToGlobal (C:\\Users\\lukag\\.node\\corepack\\pnpm\\6.11.0\\dist\\pnpm.cjs:93010:27)\n    at async Object.handler (C:\\Users\\lukag\\.node\\corepack\\pnpm\\6.11.0\\dist\\pnpm.cjs:116867:30)\n    at async C:\\Users\\lukag\\.node\\corepack\\pnpm\\6.11.0\\dist\\pnpm.cjs:125614:20\n    at async run (C:\\Users\\lukag\\.node\\corepack\\pnpm\\6.11.0\\dist\\pnpm.cjs:125589:34)\n    at async runPnpm (C:\\Users\\lukag\\.node\\corepack\\pnpm\\6.11.0\\dist\\pnpm.cjs:125799:5)\n    at async C:\\Users\\lukag\\.node\\corepack\\pnpm\\6.11.0\\dist\\pnpm.cjs:125791:7"
    }
  }
}